Resolving dependencies...
Downloading packages...
  archive 4.0.7 (4.0.9 available)
  characters 1.4.0 (1.4.1 available)
  ffi 2.1.5 (2.2.0 available)
  flutter_dotenv 5.2.1 (6.0.0 available)
  flutter_lints 3.0.2 (6.0.0 available)
  flutter_local_notifications 19.5.0 (20.1.0 available)
  flutter_local_notifications_linux 6.0.0 (7.0.0 available)
  flutter_local_notifications_platform_interface 9.1.0 (10.0.0 available)
  flutter_local_notifications_windows 1.0.3 (2.0.1 available)
  image 4.7.2 (4.8.0 available)
  lints 3.0.0 (6.1.0 available)
  matcher 0.12.17 (0.12.18 available)
  material_color_utilities 0.11.1 (0.13.0 available)
  meta 1.17.0 (1.18.1 available)
  nfc_manager 3.5.0 (4.1.1 available)
  permission_handler 11.4.0 (12.0.1 available)
  permission_handler_android 12.1.0 (13.0.1 available)
  petitparser 7.0.1 (7.0.2 available)
  test_api 0.7.7 (0.7.9 available)
  timezone 0.10.1 (0.11.0 available)
  url_launcher_ios 6.4.0 (6.4.1 available)
  web_socket_channel 2.4.0 (3.0.3 available)
Got dependencies!
22 packages have newer versions incompatible with dependency constraints.
Try `flutter pub outdated` for more information.
Running Gradle task 'bundleRelease'...                          
lib/add_fingerprint_page.dart:266:26: Error: The getter 'addFingerprint' isn't defined for the type 'AppLocalizations'.
 - 'AppLocalizations' is from 'package:yavuz_lock/l10n/app_localizations.dart' ('lib/l10n/app_localizations.dart').
Try correcting the name to the name of an existing getter, or defining a getter or field named 'addFingerprint'.
        title: Text(l10n.addFingerprint ?? 'Parmak Ä°zi Ekle', style: const TextStyle(color: Colors.white, fontSize: 18, fontWeight: FontWeight.bold)),
                         ^^^^^^^^^^^^^^
Target kernel_snapshot_program failed: Exception


FAILURE: Build failed with an exception.

* What went wrong:
Execution failed for task ':app:compileFlutterBuildRelease'.
> Process 'command '/Users/kayrayavuz/Desktop/flutter/bin/flutter'' finished with non-zero exit value 1

* Try:
> Run with --stacktrace option to get the stack trace.
> Run with --info or --debug option to get more log output.
> Run with --scan to get full insights.
> Get more help at https://help.gradle.org.

BUILD FAILED in 7s
Running Gradle task 'bundleRelease'...                              7,6s
Gradle task bundleRelease failed with exit code 1
